0 info it worked if it ends with ok
1 verbose cli [ 'node', '/usr/local/bin/npm', 'install', '-g', 'react-tools' ]
2 info using npm@1.4.28
3 info using node@v0.10.32
4 verbose cache add [ 'react-tools', null ]
5 verbose cache add name=undefined spec="react-tools" args=["react-tools",null]
6 verbose parsed url { protocol: null,
6 verbose parsed url   slashes: null,
6 verbose parsed url   auth: null,
6 verbose parsed url   host: null,
6 verbose parsed url   port: null,
6 verbose parsed url   hostname: null,
6 verbose parsed url   hash: null,
6 verbose parsed url   search: null,
6 verbose parsed url   query: null,
6 verbose parsed url   pathname: 'react-tools',
6 verbose parsed url   path: 'react-tools',
6 verbose parsed url   href: 'react-tools' }
7 silly lockFile 0f761efe-react-tools react-tools
8 verbose lock react-tools /Users/rsharm02/.npm/0f761efe-react-tools.lock
9 silly lockFile 0f761efe-react-tools react-tools
10 silly lockFile 0f761efe-react-tools react-tools
11 verbose addNamed [ 'react-tools', '' ]
12 verbose addNamed [ null, '*' ]
13 silly lockFile 47fcd5e0-react-tools react-tools@
14 verbose lock react-tools@ /Users/rsharm02/.npm/47fcd5e0-react-tools.lock
15 silly addNameRange { name: 'react-tools', range: '*', hasData: false }
16 verbose request where is /react-tools
17 verbose request registry https://registry.npmjs.org/
18 verbose request id 476d008a38b4163c
19 verbose url raw /react-tools
20 verbose url resolving [ 'https://registry.npmjs.org/', './react-tools' ]
21 verbose url resolved https://registry.npmjs.org/react-tools
22 verbose request where is https://registry.npmjs.org/react-tools
23 info trying registry request attempt 1 at 17:01:28
24 http GET https://registry.npmjs.org/react-tools
25 http 200 https://registry.npmjs.org/react-tools
26 silly registry.get cb [ 200,
26 silly registry.get   { date: 'Tue, 28 Oct 2014 00:01:28 GMT',
26 silly registry.get     server: 'CouchDB/1.5.0 (Erlang OTP/R16B03)',
26 silly registry.get     etag: '"CHNCVY1VLUQ4CPJ6NW1EZA2WX"',
26 silly registry.get     'content-type': 'application/json',
26 silly registry.get     'cache-control': 'max-age=60',
26 silly registry.get     'content-length': '39262',
26 silly registry.get     'accept-ranges': 'bytes',
26 silly registry.get     via: '1.1 varnish',
26 silly registry.get     age: '13357',
26 silly registry.get     'x-served-by': 'cache-sjc3126-SJC',
26 silly registry.get     'x-cache': 'HIT',
26 silly registry.get     'x-cache-hits': '1',
26 silly registry.get     'x-timer': 'S1414454488.783962,VS0,VE83',
26 silly registry.get     vary: 'Accept',
26 silly registry.get     'keep-alive': 'timeout=10, max=50',
26 silly registry.get     connection: 'Keep-Alive' } ]
27 silly addNameRange number 2 { name: 'react-tools', range: '*', hasData: true }
28 silly addNameRange versions [ 'react-tools',
28 silly addNameRange   [ '0.3.0',
28 silly addNameRange     '0.3.1',
28 silly addNameRange     '0.3.2',
28 silly addNameRange     '0.3.3',
28 silly addNameRange     '0.4.0',
28 silly addNameRange     '0.4.1',
28 silly addNameRange     '0.5.0',
28 silly addNameRange     '0.5.1',
28 silly addNameRange     '0.4.2',
28 silly addNameRange     '0.5.2',
28 silly addNameRange     '0.8.0',
28 silly addNameRange     '0.9.0-rc1',
28 silly addNameRange     '0.9.0',
28 silly addNameRange     '0.10.0-rc1',
28 silly addNameRange     '0.10.0',
28 silly addNameRange     '0.11.0-rc1',
28 silly addNameRange     '0.11.0',
28 silly addNameRange     '0.11.1',
28 silly addNameRange     '0.11.2',
28 silly addNameRange     '0.12.0-rc1' ] ]
29 verbose addNamed [ 'react-tools', '0.11.2' ]
30 verbose addNamed [ '0.11.2', '0.11.2' ]
31 silly lockFile 00ed9d2c-react-tools-0-11-2 react-tools@0.11.2
32 verbose lock react-tools@0.11.2 /Users/rsharm02/.npm/00ed9d2c-react-tools-0-11-2.lock
33 silly lockFile c9db71e3-act-tools-react-tools-0-11-2-tgz https://registry.npmjs.org/react-tools/-/react-tools-0.11.2.tgz
34 verbose lock https://registry.npmjs.org/react-tools/-/react-tools-0.11.2.tgz /Users/rsharm02/.npm/c9db71e3-act-tools-react-tools-0-11-2-tgz.lock
35 verbose addRemoteTarball [ 'https://registry.npmjs.org/react-tools/-/react-tools-0.11.2.tgz',
35 verbose addRemoteTarball   'dc7f86554552b0d8ce6fae53726ba6499cf66ceb' ]
36 info retry fetch attempt 1 at 17:01:28
37 verbose fetch to= /var/folders/bn/w8xkfk_9563bmrkg7bgcdcgw0000gn/T/npm-13997-AyYZoeVz/registry.npmjs.org/react-tools/-/react-tools-0.11.2.tgz
38 http GET https://registry.npmjs.org/react-tools/-/react-tools-0.11.2.tgz
39 http 200 https://registry.npmjs.org/react-tools/-/react-tools-0.11.2.tgz
40 silly lockFile c9db71e3-act-tools-react-tools-0-11-2-tgz https://registry.npmjs.org/react-tools/-/react-tools-0.11.2.tgz
41 silly lockFile c9db71e3-act-tools-react-tools-0-11-2-tgz https://registry.npmjs.org/react-tools/-/react-tools-0.11.2.tgz
42 silly lockFile 00ed9d2c-react-tools-0-11-2 react-tools@0.11.2
43 silly lockFile 00ed9d2c-react-tools-0-11-2 react-tools@0.11.2
44 silly lockFile 47fcd5e0-react-tools react-tools@
45 silly lockFile 47fcd5e0-react-tools react-tools@
46 silly resolved [ { name: 'react-tools',
46 silly resolved     description: 'A set of complementary tools to React, including the JSX transformer.',
46 silly resolved     version: '0.11.2',
46 silly resolved     keywords: [ 'react', 'jsx', 'transformer', 'view' ],
46 silly resolved     homepage: 'http://facebook.github.io/react',
46 silly resolved     bugs: { url: 'https://github.com/facebook/react/issues' },
46 silly resolved     licenses: [ [Object] ],
46 silly resolved     files: [ 'main.js', 'bin/jsx', 'src/', 'vendor/fbtransform/' ],
46 silly resolved     main: 'main.js',
46 silly resolved     bin: { jsx: './bin/jsx' },
46 silly resolved     repository: { type: 'git', url: 'https://github.com/facebook/react' },
46 silly resolved     dependencies:
46 silly resolved      { commoner: '^0.9.6',
46 silly resolved        'esprima-fb': '^6001.1.0-dev-harmony-fb',
46 silly resolved        jstransform: '^6.2.0' },
46 silly resolved     devDependencies:
46 silly resolved      { benchmark: '~1.0.0',
46 silly resolved        browserify: '^4.1.10',
46 silly resolved        coverify: '~1.0.4',
46 silly resolved        envify: '^2.0.0',
46 silly resolved        es3ify: '~0.1.2',
46 silly resolved        'es5-shim': '^4.0.0',
46 silly resolved        grunt: '~0.4.2',
46 silly resolved        'grunt-cli': '~0.1.9',
46 silly resolved        'grunt-compare-size': '~0.4.0',
46 silly resolved        'grunt-contrib-clean': '~0.5.0',
46 silly resolved        'grunt-contrib-compress': '^0.9.1',
46 silly resolved        'grunt-contrib-connect': '~0.6.0',
46 silly resolved        'grunt-contrib-copy': '~0.5.0',
46 silly resolved        'grunt-contrib-jshint': '^0.10.0',
46 silly resolved        'gzip-js': '~0.3.2',
46 silly resolved        'jasmine-tapreporter': '~0.2.2',
46 silly resolved        'jest-cli': '~0.1.5',
46 silly resolved        lodash: '~2.4.1',
46 silly resolved        microtime: '^0.6.0',
46 silly resolved        optimist: '~0.6.0',
46 silly resolved        phantomjs: '~1.9',
46 silly resolved        platform: '^1.1.0',
46 silly resolved        populist: '~0.1.6',
46 silly resolved        recast: '~0.5.6',
46 silly resolved        'sauce-tunnel': '~1.1.0',
46 silly resolved        semver: '^2.3.0',
46 silly resolved        tmp: '~0.0.18',
46 silly resolved        'uglify-js': '~2.4.0',
46 silly resolved        uglifyify: '^2.4.0',
46 silly resolved        wd: '~0.2.6' },
46 silly resolved     engines: { node: '>=0.10.0' },
46 silly resolved     preferGlobal: true,
46 silly resolved     commonerConfig: { version: 4 },
46 silly resolved     scripts: { test: 'grunt test' },
46 silly resolved     jest:
46 silly resolved      { rootDir: 'src',
46 silly resolved        scriptPreprocessor: '../jest/preprocessor.js',
46 silly resolved        setupEnvScriptFile: '../jest/environment.js',
46 silly resolved        unmockedModulePathPatterns: [Object] },
46 silly resolved     _id: 'react-tools@0.11.2',
46 silly resolved     _shasum: 'dc7f86554552b0d8ce6fae53726ba6499cf66ceb',
46 silly resolved     _resolved: 'https://registry.npmjs.org/react-tools/-/react-tools-0.11.2.tgz',
46 silly resolved     _from: 'react-tools@',
46 silly resolved     _npmVersion: '1.4.23',
46 silly resolved     _npmUser: { name: 'zpao', email: 'paul@oshannessy.com' },
46 silly resolved     maintainers: [ [Object], [Object] ],
46 silly resolved     dist:
46 silly resolved      { shasum: 'dc7f86554552b0d8ce6fae53726ba6499cf66ceb',
46 silly resolved        tarball: 'http://registry.npmjs.org/react-tools/-/react-tools-0.11.2.tgz' },
46 silly resolved     directories: {} } ]
47 info install react-tools@0.11.2 into /usr/local/lib
48 info installOne react-tools@0.11.2
49 verbose lib/node_modules/react-tools unbuild
50 verbose tar unpack /Users/rsharm02/.npm/react-tools/0.11.2/package.tgz
51 silly lockFile 5a40cc9f-cal-lib-node-modules-react-tools tar:///usr/local/lib/node_modules/react-tools
52 verbose lock tar:///usr/local/lib/node_modules/react-tools /Users/rsharm02/.npm/5a40cc9f-cal-lib-node-modules-react-tools.lock
53 silly lockFile a0002cc2-m-react-tools-0-11-2-package-tgz tar:///Users/rsharm02/.npm/react-tools/0.11.2/package.tgz
54 verbose lock tar:///Users/rsharm02/.npm/react-tools/0.11.2/package.tgz /Users/rsharm02/.npm/a0002cc2-m-react-tools-0-11-2-package-tgz.lock
55 silly gunzTarPerm modes [ '755', '644' ]
56 error Error: EACCES, mkdir '/usr/local/lib/node_modules/react-tools'
56 error  { [Error: EACCES, mkdir '/usr/local/lib/node_modules/react-tools']
56 error   errno: 3,
56 error   code: 'EACCES',
56 error   path: '/usr/local/lib/node_modules/react-tools',
56 error   fstream_type: 'Directory',
56 error   fstream_path: '/usr/local/lib/node_modules/react-tools',
56 error   fstream_class: 'DirWriter',
56 error   fstream_stack:
56 error    [ '/usr/local/lib/node_modules/npm/node_modules/fstream/lib/dir-writer.js:36:23',
56 error      '/usr/local/lib/node_modules/npm/node_modules/mkdirp/index.js:46:53',
56 error      'Object.oncomplete (fs.js:107:15)' ] }
57 error Please try running this command again as root/Administrator.
58 error System Darwin 13.4.0
59 error command "node" "/usr/local/bin/npm" "install" "-g" "react-tools"
60 error cwd /Users/rsharm02/Desktop/react-0.11.2/src
61 error node -v v0.10.32
62 error npm -v 1.4.28
63 error path /usr/local/lib/node_modules/react-tools
64 error fstream_path /usr/local/lib/node_modules/react-tools
65 error fstream_type Directory
66 error fstream_class DirWriter
67 error code EACCES
68 error errno 3
69 error stack Error: EACCES, mkdir '/usr/local/lib/node_modules/react-tools'
70 error fstream_stack /usr/local/lib/node_modules/npm/node_modules/fstream/lib/dir-writer.js:36:23
70 error fstream_stack /usr/local/lib/node_modules/npm/node_modules/mkdirp/index.js:46:53
70 error fstream_stack Object.oncomplete (fs.js:107:15)
71 verbose exit [ 3, true ]
